   ▲ Next.js 15.5.18
   - Local:        http://localhost:3000
   - Network:      http://192.168.1.26:3000

 ✓ Starting...
 ✓ Ready in 1571ms
 ○ Compiling / ...
 ✓ Compiled / in 2.7s (2666 modules)
 GET / 200 in 3088ms
 GET / 200 in 127ms
 ○ Compiling /_error ...
 ✓ Compiled /_error in 710ms (3013 modules)
 GET / 200 in 626ms
 GET / 200 in 38ms
 GET / 200 in 38ms
 ⨯ A conflicting public file and page file was found for path /favicon.ico https://nextjs.org/docs/messages/conflicting-public-file-page
 GET /favicon.ico 500 in 1229ms
 ⨯ A conflicting public file and page file was found for path /favicon.ico https://nextjs.org/docs/messages/conflicting-public-file-page
 GET /favicon.ico 500 in 215ms
 ⨯ A conflicting public file and page file was found for path /favicon.ico https://nextjs.org/docs/messages/conflicting-public-file-page
 GET /favicon.ico 500 in 229ms
 ⨯ A conflicting public file and page file was found for path /favicon.ico https://nextjs.org/docs/messages/conflicting-public-file-page
 GET /favicon.ico 500 in 218ms
 ⨯ A conflicting public file and page file was found for path /favicon.ico https://nextjs.org/docs/messages/conflicting-public-file-page
 GET /favicon.ico 500 in 216ms
 ⨯ A conflicting public file and page file was found for path /favicon.ico https://nextjs.org/docs/messages/conflicting-public-file-page
 GET /favicon.ico 500 in 217ms
 ⨯ A conflicting public file and page file was found for path /favicon.ico https://nextjs.org/docs/messages/conflicting-public-file-page
 GET /favicon.ico 500 in 231ms
 ⨯ A conflicting public file and page file was found for path /favicon.ico https://nextjs.org/docs/messages/conflicting-public-file-page
 GET /favicon.ico 500 in 229ms
 GET / 200 in 270ms
 ⨯ A conflicting public file and page file was found for path /favicon.ico https://nextjs.org/docs/messages/conflicting-public-file-page
 GET /favicon.ico 500 in 210ms
 ⨯ A conflicting public file and page file was found for path /favicon.ico https://nextjs.org/docs/messages/conflicting-public-file-page
 GET /favicon.ico 500 in 220ms
 GET / 200 in 127ms
 ⨯ A conflicting public file and page file was found for path /favicon.ico https://nextjs.org/docs/messages/conflicting-public-file-page
 GET /favicon.ico 500 in 208ms
 ⨯ A conflicting public file and page file was found for path /favicon.ico https://nextjs.org/docs/messages/conflicting-public-file-page
 GET /favicon.ico 500 in 218ms
